TN:
SF:contracts/epk/EPKernel.sol
DA:80,34
FN:80,EPKernel.constructor
FNDA:34,EPKernel.constructor
DA:81,34
DA:82,34
DA:83,34
DA:84,34
DA:85,34
DA:92,32484
FN:92,EPKernel.createPolicy
FNDA:32484,EPKernel.createPolicy
DA:96,32484
DA:97,32484
DA:105,32484
DA:106,32484
DA:107,32484
DA:110,32065
FN:110,EPKernel.onlyPolicyOwner
FNDA:32065,EPKernel.onlyPolicyOwner
DA:111,32065
DA:112,32065
BRDA:112,0,0,30142
DA:113,1923
BRDA:113,1,0,-
BRDA:113,1,1,-
DA:118,3
FN:118,EPKernel.setPolicyActive
FNDA:3,EPKernel.setPolicyActive
DA:119,3
DA:120,3
DA:123,0
FN:123,EPKernel.updatePolicy
FNDA:0,EPKernel.updatePolicy
DA:127,0
DA:128,0
DA:129,0
DA:130,0
DA:131,0
DA:134,31
FN:134,EPKernel.setAgent
FNDA:31,EPKernel.setAgent
DA:138,31
BRDA:138,2,0,-
BRDA:138,2,1,-
DA:139,31
DA:140,31
DA:143,37
FN:143,EPKernel.setCall
FNDA:37,EPKernel.setCall
DA:147,37
BRDA:147,3,0,-
BRDA:147,3,1,-
DA:148,37
DA:149,37
DA:150,37
DA:154,0
FN:154,EPKernel.emergencyNonceBump
FNDA:0,EPKernel.emergencyNonceBump
DA:155,0
DA:156,0
BRDA:156,4,0,-
DA:157,0
DA:158,0
DA:165,32087
FN:165,EPKernel.execute
FNDA:32087,EPKernel.execute
DA:174,32087
DA:175,32087
BRDA:175,5,0,30105
DA:176,1982
BRDA:176,6,0,1
DA:179,1981
BRDA:179,7,0,36
DA:180,1945
BRDA:180,8,0,-
DA:183,1916
DA:184,1916
DA:185,1175
BRDA:185,9,0,-
DA:188,1916
DA:189,1916
BRDA:189,10,0,1888
DA:190,28
BRDA:190,11,0,-
DA:193,28
BRDA:193,12,0,1
DA:194,28
DA:195,28
DA:196,28
BRDA:196,13,0,1
DA:199,27
BRDA:199,14,0,-
DA:200,27
BRDA:200,15,0,-
DA:203,27
DA:206,27
DA:220,27
DA:221,27
BRDA:221,16,0,3
DA:224,24
BRDA:224,17,0,18
DA:225,18
DA:229,12
DA:231,12
DA:232,12
BRDA:232,18,0,1
DA:233,0
DA:237,11
DA:238,0
DA:246,29
FN:246,EPKernel.getTypedDataHash
FNDA:29,EPKernel.getTypedDataHash
DA:254,29
DA:259,34
FN:259,EPKernel._buildDomainSeparator
FNDA:34,EPKernel._buildDomainSeparator
DA:260,34
DA:271,56
FN:271,EPKernel._domainSeparatorV4
FNDA:56,EPKernel._domainSeparatorV4
DA:272,56
BRDA:272,19,0,56
DA:273,56
DA:275,0
DA:278,56
FN:278,EPKernel._hashTypedDataV4
FNDA:56,EPKernel._hashTypedDataV4
DA:279,56
DA:283,27
FN:283,EPKernel._recover
FNDA:27,EPKernel._recover
DA:284,27
BRDA:284,20,0,-
DA:286,27
DA:287,27
DA:288,27
DA:290,0
DA:291,0
DA:292,0
DA:295,27
BRDA:295,21,0,-
DA:296,27
BRDA:296,22,0,-
DA:299,27
DA:301,27
BRDA:301,23,0,-
DA:303,27
DA:304,27
BRDA:304,24,0,-
DA:305,0
FNF:14
FNH:12
LF:94
LH:76
BRF:28
BRH:11
end_of_record
TN:
SF:contracts/mocks/MockTarget.sol
DA:8,31892
FN:8,MockTarget.setX
FNDA:31892,MockTarget.setX
DA:9,31892
DA:10,31892
FNF:1
FNH:1
LF:3
LH:3
BRF:0
BRH:0
end_of_record
TN:
SF:contracts/mocks/RevertingValidator.sol
DA:9,3
FN:9,RevertingValidator.validate
FNDA:3,RevertingValidator.validate
DA:17,3
FNF:1
FNH:1
LF:2
LH:2
BRF:0
BRH:0
end_of_record
TN:
SF:contracts/validators/CompositeValidator.sol
DA:14,10
FN:14,OwnableLite.constructor.0
FNDA:10,OwnableLite.constructor.0
DA:15,10
BRDA:15,0,0,-
BRDA:15,0,1,-
DA:16,10
DA:17,10
DA:20,7
FN:20,OwnableLite.onlyOwner
FNDA:7,OwnableLite.onlyOwner
DA:21,7
BRDA:21,1,0,1
DA:25,1
FN:25,OwnableLite.transferOwnership
FNDA:1,OwnableLite.transferOwnership
DA:26,1
BRDA:26,2,0,-
BRDA:26,2,1,-
DA:27,1
DA:28,1
DA:43,10
FN:43,CompositeValidator.constructor.1
FNDA:10,CompositeValidator.constructor.1
DA:44,10
BRDA:44,3,0,-
BRDA:44,3,1,-
DA:45,10
DA:46,10
DA:49,2
FN:49,CompositeValidator.validatorsLength
FNDA:2,CompositeValidator.validatorsLength
DA:50,2
DA:53,6
FN:53,CompositeValidator.setValidators
FNDA:6,CompositeValidator.setValidators
DA:54,6
DA:57,16
FN:57,CompositeValidator._setValidators
FNDA:16,CompositeValidator._setValidators
DA:59,16
DA:60,17
BRDA:60,4,0,1
DA:61,16
DA:63,15
DA:66,5
FN:66,CompositeValidator.validate
FNDA:5,CompositeValidator.validate
DA:74,5
BRDA:74,5,0,1
DA:76,4
DA:77,5
FNF:8
FNH:8
LF:27
LH:27
BRF:9
BRH:3
end_of_record
TN:
SF:contracts/validators/SpendLimitValidator.sol
DA:40,20
FN:40,SpendLimitValidator.constructor
FNDA:20,SpendLimitValidator.constructor
DA:41,20
BRDA:41,0,0,-
BRDA:41,0,1,-
DA:42,20
BRDA:42,1,0,-
BRDA:42,1,1,-
DA:43,20
DA:44,20
DA:45,20
DA:48,34
FN:48,SpendLimitValidator.onlyOwner
FNDA:34,SpendLimitValidator.onlyOwner
DA:49,34
BRDA:49,2,0,2
DA:53,2
FN:53,SpendLimitValidator.transferOwnership
FNDA:2,SpendLimitValidator.transferOwnership
DA:54,2
BRDA:54,3,0,-
BRDA:54,3,1,-
DA:55,1
DA:56,2
DA:59,32
FN:59,SpendLimitValidator.setLimits
FNDA:32,SpendLimitValidator.setLimits
DA:67,32
BRDA:67,4,0,-
BRDA:67,4,1,-
DA:68,32
DA:76,21
FN:76,SpendLimitValidator.validate
FNDA:21,SpendLimitValidator.validate
DA:84,21
BRDA:84,5,0,1
DA:87,20
BRDA:87,6,0,12
DA:89,14
BRDA:89,7,0,1
DA:90,13
DA:94,13
BRDA:94,8,0,2
DA:95,2
DA:96,2
BRDA:96,9,0,1
DA:97,1
DA:102,11
BRDA:102,10,0,3
BRDA:102,10,1,2
DA:103,3
DA:104,3
DA:107,8
BRDA:107,11,0,2
DA:108,2
DA:109,2
DA:113,16
FN:113,SpendLimitValidator._checkAndUpdate
FNDA:16,SpendLimitValidator._checkAndUpdate
DA:114,16
DA:115,16
BRDA:115,12,0,2
DA:116,14
BRDA:116,13,0,3
DA:118,11
DA:120,11
BRDA:120,14,0,6
BRDA:120,14,1,3
DA:121,6
BRDA:121,15,0,-
DA:122,6
DA:123,6
DA:125,5
DA:126,5
BRDA:126,16,0,-
DA:127,2
DA:130,6
DA:133,7
FN:133,SpendLimitValidator._readUint256Arg
FNDA:7,SpendLimitValidator._readUint256Arg
DA:134,7
DA:135,7
BRDA:135,17,0,-
BRDA:135,17,1,-
DA:137,0
FNF:7
FNH:7
LF:47
LH:46
BRF:25
BRH:13
end_of_record
TN:
SF:contracts/validators/TargetSelectorGuard.sol
DA:20,8
FN:20,TargetSelectorGuard.constructor
FNDA:8,TargetSelectorGuard.constructor
DA:21,8
BRDA:21,0,0,-
BRDA:21,0,1,-
DA:22,8
BRDA:22,1,0,-
BRDA:22,1,1,-
DA:23,8
DA:24,8
DA:25,8
DA:27,8
DA:28,8
DA:29,8
DA:30,8
DA:33,2
FN:33,TargetSelectorGuard.onlyOwner
FNDA:2,TargetSelectorGuard.onlyOwner
DA:34,2
BRDA:34,2,0,1
DA:38,1
FN:38,TargetSelectorGuard.transferOwnership
FNDA:1,TargetSelectorGuard.transferOwnership
DA:39,1
BRDA:39,3,0,-
BRDA:39,3,1,-
DA:40,1
DA:41,1
DA:44,2
FN:44,TargetSelectorGuard.setBlockedSelector
FNDA:2,TargetSelectorGuard.setBlockedSelector
DA:45,2
DA:48,1
FN:48,TargetSelectorGuard.setBlockedCallKey
FNDA:1,TargetSelectorGuard.setBlockedCallKey
DA:49,1
DA:50,1
DA:53,4
FN:53,TargetSelectorGuard.validate
FNDA:4,TargetSelectorGuard.validate
DA:61,4
BRDA:61,4,0,1
DA:62,3
BRDA:62,5,0,1
DA:64,3
DA:65,1
BRDA:65,6,0,1
DA:67,2
DA:68,1
BRDA:68,7,0,1
FNF:6
FNH:6
LF:28
LH:28
BRF:11
BRH:5
end_of_record
TN:
SF:contracts/validators/ThreatFeedBlocklistValidator.sol
DA:20,8
FN:20,ThreatFeedBlocklistValidator.constructor
FNDA:8,ThreatFeedBlocklistValidator.constructor
DA:21,8
BRDA:21,0,0,-
BRDA:21,0,1,-
DA:22,8
BRDA:22,1,0,-
BRDA:22,1,1,-
DA:23,8
DA:24,8
DA:25,8
DA:27,8
DA:28,8
DA:29,8
DA:32,6
FN:32,ThreatFeedBlocklistValidator.onlyOwner
FNDA:6,ThreatFeedBlocklistValidator.onlyOwner
DA:33,6
BRDA:33,2,0,1
DA:37,1
FN:37,ThreatFeedBlocklistValidator.transferOwnership
FNDA:1,ThreatFeedBlocklistValidator.transferOwnership
DA:38,1
BRDA:38,3,0,-
BRDA:38,3,1,-
DA:39,1
DA:40,1
DA:43,5
FN:43,ThreatFeedBlocklistValidator.updateRoot
FNDA:5,ThreatFeedBlocklistValidator.updateRoot
DA:44,5
DA:45,5
DA:46,5
DA:49,5
FN:49,ThreatFeedBlocklistValidator.validate
FNDA:5,ThreatFeedBlocklistValidator.validate
DA:57,5
BRDA:57,4,0,1
DA:58,4
BRDA:58,5,0,-
DA:59,4
BRDA:59,6,0,1
DA:61,3
DA:62,3
DA:64,3
BRDA:64,7,0,1
FNF:5
FNH:5
LF:26
LH:26
BRF:11
BRH:4
end_of_record
TN:
SF:test/CompositeValidator.t.sol
DA:10,0
FN:10,PassValidator.validate
FNDA:0,PassValidator.validate
FNF:1
FNH:0
LF:1
LH:0
BRF:0
BRH:0
end_of_record
TN:
SF:test/EPKernel.t.sol
DA:12,0
FN:12,OkValidator.validate
FNDA:0,OkValidator.validate
DA:25,1
FN:25,Reverter.willRevert
FNDA:1,Reverter.willRevert
DA:26,1
DA:31,1
FN:31,Returner.get
FNDA:1,Returner.get
DA:32,1
FNF:3
FNH:2
LF:5
LH:4
BRF:0
BRH:0
end_of_record
